     1                                  [org 0x0100]
     2                                  
     3                                  ;using labels and loading values from ram
     4                                  ;start of code
     5                                  
     6 00000000 A1[1700]                mov ax, [num1]      ;load num1 into ax
     7 00000003 8B1E[1900]              mov bx, [num2]      ;load num2 into bx
     8                                  
     9 00000007 01D8                    add ax, bx          ;add bx into ax (ax+=bx)
    10                                  
    11 00000009 8B1E[1B00]              mov bx, [num3]      ;load num3 into bx
    12 0000000D 01D8                    add ax, bx          ;add bx into ax
    13                                  
    14 0000000F A3[1D00]                mov [num4], ax       ;load ax into num4
    15                                  
    16 00000012 B8004C                  mov ax, 0x4c00      ;exit
    17 00000015 CD21                    int 0x21            ;what should os do
    18                                  
    19 00000017 0500                    num1: dw 5
    20 00000019 0A00                    num2: dw 10
    21 0000001B 1E00                    num3: dw 30
    22 0000001D 0000                    num4: dw 0
    23                                  
    24                                  ;end of code
