     1                                  [org 0x0100]
     2                                  
     3                                  ;using one dw cmd and assign multiple values
     4                                  ;a simple program to sum three values and assign it into memory
     5                                  
     6                                  ;start of code
     7                                  
     8 00000000 A1[1900]                    mov ax, [num1]
     9 00000003 A3[1F00]                    mov [result], ax
    10                                  
    11 00000006 A1[1B00]                    mov ax, [num1+2]
    12 00000009 0106[1F00]                  add [result], ax
    13                                  
    14 0000000D A1[1D00]                    mov ax, [num1+4]
    15 00000010 0106[1F00]                  add [result], ax
    16                                  
    17 00000014 B8004C                      mov ax, 0x4c00      ;exit
    18 00000017 CD21                        int 0x21            ;what should os do
    19                                  
    20 00000019 05000A001400            num1: dw 5, 10, 20
    21 0000001F 0000                    result: dw 0
    22                                  
    23                                  ;end of code
